K-->  0.99  Lamb-->  0.0001
Need to select  79  items
itr  0
4.19171285629  seconds
itr  1
9.00427508354  seconds
itr  2
13.6304740906  seconds
itr  3
17.6339509487  seconds
itr  4
21.5808990002  seconds
itr  5
25.5072948933  seconds
itr  6
29.3665919304  seconds
itr  7
33.1838679314  seconds
itr  8
36.7270870209  seconds
itr  9
40.4192860126  seconds
itr  10
44.040143013  seconds
dataset size 11
K-->  0.99  Lamb-->  0.001
Need to select  79  items
itr  0
3.94095301628  seconds
itr  1
7.86550593376  seconds
itr  2
11.7102198601  seconds
itr  3
15.4762530327  seconds
itr  4
19.2414550781  seconds
itr  5
22.946657896  seconds
itr  6
26.603443861  seconds
itr  7
30.2267150879  seconds
itr  8
33.7876958847  seconds
itr  9
37.3276488781  seconds
itr  10
40.7916719913  seconds
dataset size 11
K-->  0.99  Lamb-->  0.01
Need to select  79  items
itr  0
3.99563312531  seconds
itr  1
7.92393016815  seconds
itr  2
11.707942009  seconds
itr  3
15.489659071  seconds
itr  4
19.2141690254  seconds
itr  5
22.8748860359  seconds
itr  6
26.5087981224  seconds
itr  7
30.1043391228  seconds
itr  8
33.6349990368  seconds
itr  9
37.1159281731  seconds
itr  10
40.5576510429  seconds
itr  11
43.9425840378  seconds
dataset size 12
K-->  0.99  Lamb-->  0.1
Need to select  79  items
itr  0
3.89367198944  seconds
itr  1
7.99389100075  seconds
itr  2
12.1168930531  seconds
itr  3
16.1625630856  seconds
itr  4
20.0914330482  seconds
itr  5
23.9744560719  seconds
itr  6
27.832942009  seconds
itr  7
31.6006391048  seconds
itr  8
35.3476810455  seconds
itr  9
39.0384709835  seconds
itr  10
42.6571779251  seconds
itr  11
46.2330141068  seconds
itr  12
49.7581720352  seconds
itr  13
53.1845810413  seconds
itr  14
56.4138331413  seconds
itr  15
59.5711021423  seconds
itr  16
62.6526839733  seconds
itr  17
65.7338211536  seconds
itr  18
68.7704069614  seconds
itr  19
71.7772810459  seconds
itr  20
74.7411010265  seconds
itr  21
77.6215059757  seconds
itr  22
80.4694941044  seconds
itr  23
83.2725090981  seconds
itr  24
86.1833260059  seconds
dataset size 25
